<?xml version="1.0" encoding="UTF-8"?>
<!-- Generated by org.testng.reporters.JUnitReportReporter -->
<testsuite skipped="0" hostname="DESKTOP-0IMQFNT" name="tests.CreateComponentTests" tests="4" failures="0" timestamp="27 Jan 2019 19:56:22 GMT" time="0.203" errors="0">
  <testcase name="createComponentNonExstingUserTest" time="0.025" classname="tests.CreateComponentTests"/>
  <testcase name="createComponentEmptyNameTest" time="0.076" classname="tests.CreateComponentTests"/>
  <testcase name="createComponentNonExstingProjectTest" time="0.032" classname="tests.CreateComponentTests"/>
  <testcase name="createComponentTest" time="0.070" classname="tests.CreateComponentTests"/>
</testsuite> <!-- tests.CreateComponentTests -->
