<?xml version="1.0" encoding="UTF-8"?>
<!-- Generated by org.testng.reporters.JUnitReportReporter -->
<testsuite skipped="0" hostname="OGK-PC8" name="tests.version.DeleteVersionTests" tests="2" failures="0" timestamp="01 Feb 2019 12:51:56 GMT" time="0.260" errors="0">
  <testcase name="deleteDeletedVersTest" time="0.205" classname="tests.version.DeleteVersionTests"/>
  <testcase name="deleteVersTest" time="0.055" classname="tests.version.DeleteVersionTests"/>
</testsuite> <!-- tests.version.DeleteVersionTests -->
