<?xml version="1.0" encoding="UTF-8"?>
<!-- Generated by org.testng.reporters.JUnitReportReporter -->
<testsuite skipped="0" hostname="DESKTOP-0IMQFNT" name="tests.SmokeTests" tests="5" failures="0" timestamp="21 Jan 2019 15:56:41 GMT" time="1.921" errors="0">
  <testcase name="deleteBugTest" time="0.067" classname="tests.SmokeTests"/>
  <testcase name="updateCommentTest" time="0.186" classname="tests.SmokeTests"/>
  <testcase name="addBugTest" time="0.306" classname="tests.SmokeTests"/>
  <testcase name="addCommentTest" time="0.185" classname="tests.SmokeTests"/>
  <testcase name="authorizeTest" time="1.177" classname="tests.SmokeTests"/>
</testsuite> <!-- tests.SmokeTests -->
