<?xml version="1.0" encoding="UTF-8"?>
<!-- Generated by org.testng.reporters.JUnitReportReporter -->
<testsuite skipped="0" hostname="OGK-PC8" name="tests.component.DeleteComponentTests" tests="2" failures="0" timestamp="01 Feb 2019 09:30:10 GMT" time="0.136" errors="0">
  <testcase name="deleteComponentTest" time="0.059" classname="tests.component.DeleteComponentTests"/>
  <testcase name="deleteDeletedComponentTest" time="0.077" classname="tests.component.DeleteComponentTests"/>
</testsuite> <!-- tests.component.DeleteComponentTests -->
