<?xml version="1.0" encoding="UTF-8"?>
<!-- Generated by org.testng.reporters.JUnitReportReporter -->
<testsuite skipped="0" hostname="OGK-PC8" name="tests.version.AddVersionTests" tests="6" failures="0" timestamp="01 Feb 2019 12:50:59 GMT" time="0.457" errors="0">
  <testcase name="addVersWithoutDescTest" time="0.061" classname="tests.version.AddVersionTests"/>
  <testcase name="addVersWithoutNameTest" time="0.077" classname="tests.version.AddVersionTests"/>
  <testcase name="addVersWithoutProjectSpecifiedTest" time="0.055" classname="tests.version.AddVersionTests"/>
  <testcase name="addVersWithoutDataTest" time="0.048" classname="tests.version.AddVersionTests"/>
  <testcase name="addVersTest" time="0.145" classname="tests.version.AddVersionTests"/>
  <testcase name="addVersWithExistingNameTest" time="0.071" classname="tests.version.AddVersionTests"/>
</testsuite> <!-- tests.version.AddVersionTests -->
