<?xml version="1.0" encoding="UTF-8"?>
<!-- Generated by org.testng.reporters.JUnitReportReporter -->
<testsuite skipped="0" hostname="OGK-PC8" name="tests.smoke.SmokeTests" tests="5" failures="0" timestamp="01 Feb 2019 08:15:08 GMT" time="0.944" errors="0">
  <testcase name="addBugTest" time="0.364" classname="tests.smoke.SmokeTests"/>
  <testcase name="updateCommentTest" time="0.177" classname="tests.smoke.SmokeTests"/>
  <testcase name="deleteBugTest" time="0.086" classname="tests.smoke.SmokeTests"/>
  <testcase name="authorizeTest" time="0.066" classname="tests.smoke.SmokeTests"/>
  <testcase name="addCommentTest" time="0.251" classname="tests.smoke.SmokeTests"/>
</testsuite> <!-- tests.smoke.SmokeTests -->
