<?xml version="1.0" encoding="UTF-8"?>
<!-- Generated by org.testng.reporters.JUnitReportReporter -->
<testsuite skipped="0" hostname="OGK-PC8" name="tests.GetComponentTests" tests="2" failures="0" timestamp="30 Jan 2019 13:37:53 GMT" time="0.320" errors="0">
  <testcase name="getNonExistingComponentTest" time="0.190" classname="tests.GetComponentTests"/>
  <testcase name="getComponentTest" time="0.130" classname="tests.GetComponentTests"/>
</testsuite> <!-- tests.GetComponentTests -->
