<?xml version="1.0" encoding="UTF-8"?>
<!-- Generated by org.testng.reporters.JUnitReportReporter -->
<testsuite skipped="0" hostname="OGK-PC8" name="tests.component.AddComponentTests" tests="4" failures="0" timestamp="01 Feb 2019 09:30:10 GMT" time="0.132" errors="0">
  <testcase name="createComponentEmptyNameTest" time="0.017" classname="tests.component.AddComponentTests"/>
  <testcase name="createComponentTest" time="0.080" classname="tests.component.AddComponentTests"/>
  <testcase name="createComponentNonExstingProjectTest" time="0.020" classname="tests.component.AddComponentTests"/>
  <testcase name="createComponentNonExstingUserTest" time="0.015" classname="tests.component.AddComponentTests"/>
</testsuite> <!-- tests.component.AddComponentTests -->
