<?xml version="1.0" encoding="UTF-8"?>
<!-- Generated by org.testng.reporters.JUnitReportReporter -->
<testsuite skipped="0" hostname="DESKTOP-0IMQFNT" name="tests.UpdateCommentTests" tests="7" failures="0" timestamp="21 Jan 2019 15:56:41 GMT" time="3.314" errors="0">
  <testcase name="updateCommentTest" time="0.611" classname="tests.UpdateCommentTests"/>
  <testcase name="updateCommentWithoutBodyTest" time="0.456" classname="tests.UpdateCommentTests"/>
  <testcase name="updateCommentForNonExistingBugTest" time="0.466" classname="tests.UpdateCommentTests"/>
  <testcase name="updateNonExistingCommentTest" time="0.439" classname="tests.UpdateCommentTests"/>
  <testcase name="updateCommentWithoutTypeTest" time="0.456" classname="tests.UpdateCommentTests"/>
  <testcase name="updateCommentWithoutValueTest" time="0.478" classname="tests.UpdateCommentTests"/>
  <testcase name="updateCommentUnathorizedTest" time="0.408" classname="tests.UpdateCommentTests"/>
</testsuite> <!-- tests.UpdateCommentTests -->
