<?xml version="1.0" encoding="UTF-8"?>
<!-- Generated by org.testng.reporters.JUnitReportReporter -->
<testsuite skipped="0" hostname="OGK-PC8" name="tests.auth.AuthorizeTests" tests="6" failures="0" timestamp="01 Feb 2019 09:30:10 GMT" time="0.125" errors="0">
  <testcase name="invalidUsername" time="0.019" classname="tests.auth.AuthorizeTests"/>
  <testcase name="invalidMultiauthorizeTest" time="0.015" classname="tests.auth.AuthorizeTests"/>
  <testcase name="invalidPassword" time="0.031" classname="tests.auth.AuthorizeTests"/>
  <testcase name="invalidMultiauthorizeTest" time="0.010" classname="tests.auth.AuthorizeTests"/>
  <testcase name="authorizeTest" time="0.035" classname="tests.auth.AuthorizeTests"/>
  <testcase name="invalidMultiauthorizeTest" time="0.015" classname="tests.auth.AuthorizeTests"/>
</testsuite> <!-- tests.auth.AuthorizeTests -->
