<?xml version="1.0" encoding="UTF-8"?>
<!-- Generated by org.testng.reporters.JUnitReportReporter -->
<testsuite skipped="0" hostname="OGK-PC8" name="tests.component.GetComponentTests" tests="2" failures="0" timestamp="01 Feb 2019 09:30:10 GMT" time="0.095" errors="0">
  <testcase name="getComponentTest" time="0.050" classname="tests.component.GetComponentTests"/>
  <testcase name="getNonExistingComponentTest" time="0.045" classname="tests.component.GetComponentTests"/>
</testsuite> <!-- tests.component.GetComponentTests -->
