<?xml version="1.0" encoding="UTF-8"?>
<!-- Generated by org.testng.reporters.JUnitReportReporter -->
<testsuite skipped="0" hostname="OGK-PC8" name="tests.bug.AddBugTests" tests="6" failures="0" timestamp="01 Feb 2019 09:30:10 GMT" time="0.606" errors="0">
  <testcase name="nonExistingKeyTest" time="0.074" classname="tests.bug.AddBugTests"/>
  <testcase name="wrongIssueTypeTest" time="0.059" classname="tests.bug.AddBugTests"/>
  <testcase name="emptySummaryTest" time="0.086" classname="tests.bug.AddBugTests"/>
  <testcase name="addBugTest" time="0.198" classname="tests.bug.AddBugTests"/>
  <testcase name="emptyKeyTest" time="0.103" classname="tests.bug.AddBugTests"/>
  <testcase name="emptyIssueTypeTest" time="0.086" classname="tests.bug.AddBugTests"/>
</testsuite> <!-- tests.bug.AddBugTests -->
