<?xml version="1.0" encoding="UTF-8"?>
<!-- Generated by org.testng.reporters.JUnitReportReporter -->
<testsuite skipped="0" hostname="OGK-PC8" name="tests.AuthorizeTests" tests="6" failures="0" timestamp="22 Jan 2019 10:57:39 GMT" time="4.979" errors="0">
  <testcase name="invalidMultiauthorizeTest" time="0.036" classname="tests.AuthorizeTests"/>
  <testcase name="invalidUsername" time="0.033" classname="tests.AuthorizeTests"/>
  <testcase name="invalidMultiauthorizeTest" time="0.080" classname="tests.AuthorizeTests"/>
  <testcase name="authorizeTest" time="3.288" classname="tests.AuthorizeTests"/>
  <testcase name="invalidMultiauthorizeTest" time="0.043" classname="tests.AuthorizeTests"/>
  <testcase name="invalidPassword" time="1.499" classname="tests.AuthorizeTests"/>
</testsuite> <!-- tests.AuthorizeTests -->
