<?xml version="1.0" encoding="UTF-8"?>
<!-- Generated by org.testng.reporters.JUnitReportReporter -->
<testsuite skipped="0" hostname="OGK-PC8" name="tests.component.UpdateComponentsTests" tests="5" failures="0" timestamp="01 Feb 2019 09:30:10 GMT" time="0.310" errors="0">
  <testcase name="updateNonExistingComponentTest" time="0.057" classname="tests.component.UpdateComponentsTests"/>
  <testcase name="updateComponentTest" time="0.070" classname="tests.component.UpdateComponentsTests"/>
  <testcase name="updateToEmptyNameTest" time="0.064" classname="tests.component.UpdateComponentsTests"/>
  <testcase name="updateToEmptyDescTest" time="0.065" classname="tests.component.UpdateComponentsTests"/>
  <testcase name="updateToNonExistingUserNameTest" time="0.054" classname="tests.component.UpdateComponentsTests"/>
</testsuite> <!-- tests.component.UpdateComponentsTests -->
