<?xml version="1.0" encoding="UTF-8"?>
<!-- Generated by org.testng.reporters.JUnitReportReporter -->
<testsuite skipped="0" hostname="OGK-PC8" name="tests.comment.UpdateCommentTests" tests="7" failures="0" timestamp="01 Feb 2019 09:30:10 GMT" time="1.915" errors="0">
  <testcase name="updateCommentTest" time="0.415" classname="tests.comment.UpdateCommentTests"/>
  <testcase name="updateCommentWithoutValueTest" time="0.300" classname="tests.comment.UpdateCommentTests"/>
  <testcase name="updateCommentWithoutTypeTest" time="0.235" classname="tests.comment.UpdateCommentTests"/>
  <testcase name="updateCommentForNonExistingBugTest" time="0.224" classname="tests.comment.UpdateCommentTests"/>
  <testcase name="updateNonExistingCommentTest" time="0.307" classname="tests.comment.UpdateCommentTests"/>
  <testcase name="updateCommentUnathorizedTest" time="0.189" classname="tests.comment.UpdateCommentTests"/>
  <testcase name="updateCommentWithoutBodyTest" time="0.245" classname="tests.comment.UpdateCommentTests"/>
</testsuite> <!-- tests.comment.UpdateCommentTests -->
