<?xml version="1.0" encoding="UTF-8"?>
<!-- Generated by org.testng.reporters.JUnitReportReporter -->
<testsuite skipped="0" hostname="OGK-PC8" name="tests.comment.AddCommentToBugTests" tests="6" failures="0" timestamp="01 Feb 2019 09:30:10 GMT" time="0.458" errors="0">
  <testcase name="addCommentToBugWithoutVaueTest" time="0.060" classname="tests.comment.AddCommentToBugTests"/>
  <testcase name="addCommentToUnauthorizedBugTest" time="0.010" classname="tests.comment.AddCommentToBugTests"/>
  <testcase name="addCommentToNonExistingBugTest" time="0.059" classname="tests.comment.AddCommentToBugTests"/>
  <testcase name="addCommentToBugWithoutBodyTest" time="0.048" classname="tests.comment.AddCommentToBugTests"/>
  <testcase name="addCommentToBugWithoutTypeTest" time="0.036" classname="tests.comment.AddCommentToBugTests"/>
  <testcase name="addCommentToBugTest" time="0.245" classname="tests.comment.AddCommentToBugTests"/>
</testsuite> <!-- tests.comment.AddCommentToBugTests -->
