<?xml version="1.0" encoding="UTF-8"?>
<!-- Generated by org.testng.reporters.JUnitReportReporter -->
<testsuite skipped="0" hostname="OGK-PC8" name="tests.UpdateComponentsTests" tests="5" failures="0" timestamp="30 Jan 2019 13:16:19 GMT" time="0.506" errors="0">
  <testcase name="updateComponentTest" time="0.128" classname="tests.UpdateComponentsTests"/>
  <testcase name="updateNonExistingComponentTest" time="0.079" classname="tests.UpdateComponentsTests"/>
  <testcase name="updateToNonExistingUserNameTest" time="0.089" classname="tests.UpdateComponentsTests"/>
  <testcase name="updateToEmptyDescTest" time="0.077" classname="tests.UpdateComponentsTests"/>
  <testcase name="updateToEmptyNameTest" time="0.133" classname="tests.UpdateComponentsTests"/>
</testsuite> <!-- tests.UpdateComponentsTests -->
