<?xml version="1.0" encoding="UTF-8"?>
<!-- Generated by org.testng.reporters.JUnitReportReporter -->
<testsuite skipped="0" hostname="OGK-PC8" name="tests.LogoutTests" tests="3" failures="0" timestamp="01 Feb 2019 07:41:30 GMT" time="1.897" errors="0">
  <testcase name="logoutWithoutAuthTest" time="0.104" classname="tests.LogoutTests"/>
  <testcase name="logoutTest" time="1.705" classname="tests.LogoutTests"/>
  <testcase name="logoutWrongTokenTest" time="0.088" classname="tests.LogoutTests"/>
</testsuite> <!-- tests.LogoutTests -->
