<?xml version="1.0" encoding="UTF-8"?>
<!-- Generated by org.testng.reporters.JUnitReportReporter -->
<testsuite skipped="0" hostname="DESKTOP-0IMQFNT" name="tests.AddCommentToBugTests" tests="6" failures="0" timestamp="21 Jan 2019 15:56:41 GMT" time="1.784" errors="0">
  <testcase name="addCommentToUnauthorizedBugTest" time="0.261" classname="tests.AddCommentToBugTests"/>
  <testcase name="addCommentToNonExistingBugTest" time="0.291" classname="tests.AddCommentToBugTests"/>
  <testcase name="addCommentToBugWithoutVaueTest" time="0.278" classname="tests.AddCommentToBugTests"/>
  <testcase name="addCommentToBugWithoutBodyTest" time="0.280" classname="tests.AddCommentToBugTests"/>
  <testcase name="addCommentToBugWithoutTypeTest" time="0.274" classname="tests.AddCommentToBugTests"/>
  <testcase name="addCommentToBugTest" time="0.400" classname="tests.AddCommentToBugTests"/>
</testsuite> <!-- tests.AddCommentToBugTests -->
