<?xml version="1.0" encoding="UTF-8"?>
<!-- Generated by org.testng.reporters.JUnitReportReporter -->
<testsuite skipped="0" hostname="DESKTOP-0IMQFNT" name="tests.DeleteBugTests" tests="3" failures="0" timestamp="21 Jan 2019 15:56:41 GMT" time="0.564" errors="0">
  <testcase name="deleteDeletedBugTest" time="0.090" classname="tests.DeleteBugTests"/>
  <testcase name="deleteBugTest" time="0.234" classname="tests.DeleteBugTests"/>
  <testcase name="deleteBugUnauthorisedTest" time="0.240" classname="tests.DeleteBugTests"/>
</testsuite> <!-- tests.DeleteBugTests -->
