<?xml version="1.0" encoding="UTF-8"?>
<!-- Generated by org.testng.reporters.JUnitReportReporter -->
<testsuite skipped="0" hostname="OGK-PC8" name="tests.AddVersionTests" tests="6" failures="0" timestamp="31 Jan 2019 13:35:41 GMT" time="0.570" errors="0">
  <testcase name="addVersWithoutDescTest" time="0.077" classname="tests.AddVersionTests"/>
  <testcase name="addVersWithoutNameTest" time="0.091" classname="tests.AddVersionTests"/>
  <testcase name="addVersWithoutProjectSpecifiedTest" time="0.055" classname="tests.AddVersionTests"/>
  <testcase name="addVersWithoutDataTest" time="0.069" classname="tests.AddVersionTests"/>
  <testcase name="addVersTest" time="0.180" classname="tests.AddVersionTests"/>
  <testcase name="addVersWithExistingNameTest" time="0.098" classname="tests.AddVersionTests"/>
</testsuite> <!-- tests.AddVersionTests -->
