<?xml version="1.0" encoding="UTF-8"?>
<!-- Generated by org.testng.reporters.JUnitReportReporter -->
<testsuite skipped="0" hostname="OGK-PC8" name="tests.auth.LogoutTests" tests="3" failures="0" timestamp="01 Feb 2019 09:35:15 GMT" time="1.767" errors="0">
  <testcase name="logoutWrongTokenTest" time="0.089" classname="tests.auth.LogoutTests"/>
  <testcase name="logoutTest" time="1.591" classname="tests.auth.LogoutTests"/>
  <testcase name="logoutWithoutAuthTest" time="0.087" classname="tests.auth.LogoutTests"/>
</testsuite> <!-- tests.auth.LogoutTests -->
