<?xml version="1.0" encoding="UTF-8"?>
<!-- Generated by org.testng.reporters.JUnitReportReporter -->
<testsuite skipped="0" hostname="OGK-PC8" name="tests.bug.DeleteBugTests" tests="2" failures="0" timestamp="01 Feb 2019 09:30:10 GMT" time="0.470" errors="0">
  <testcase name="deleteDeletedBugTest" time="0.249" classname="tests.bug.DeleteBugTests"/>
  <testcase name="deleteBugTest" time="0.221" classname="tests.bug.DeleteBugTests"/>
</testsuite> <!-- tests.bug.DeleteBugTests -->
